<testsuites name="jest tests" tests="3" failures="0" time="0.852">
  <testsuite name="IntentMarkupParser Test" errors="0" failures="0" skipped="0" timestamp="2020-11-19T12:37:15" time="0.389" tests="3">
    <testcase classname="IntentMarkupParser Test test parse xml 1" name="IntentMarkupParser Test test parse xml 1" time="0.006">
    </testcase>
    <testcase classname="IntentMarkupParser Test test parse xml 2" name="IntentMarkupParser Test test parse xml 2" time="0.001">
    </testcase>
    <testcase classname="IntentMarkupParser Test test parse xml 3" name="IntentMarkupParser Test test parse xml 3" time="0.001">
    </testcase>
  </testsuite>
</testsuites>